<?xml version="1.0" encoding="UTF-8"?>
<!-- Generated by org.testng.reporters.JUnitReportReporter -->
<testsuite hostname="LAPTOP-EKI91KAJ" failures="0" tests="1" name="com.newtours.Testfiles.RegistrationpageTests" time="3.071" errors="0" timestamp="2024-06-27T21:21:23 IST" skipped="0">
  <testcase classname="com.newtours.Testfiles.RegistrationpageTests" name="Registration" time="3.071"/>
</testsuite> <!-- com.newtours.Testfiles.RegistrationpageTests -->
